<?xml version="1.0" encoding="UTF-8"?>
<testsuite xmlns:xsi="http://www.w3.org/2001/XMLSchema-instance" xsi:noNamespaceSchemaLocation="https://maven.apache.org/surefire/maven-surefire-plugin/xsd/surefire-test-report-3.0.xsd" version="3.0" name="TestSuite" time="30.034" tests="9" errors="0" skipped="0" failures="0">
  <properties>
    <property name="java.specification.version" value="21"/>
    <property name="webdriver.chrome.driver" value="C:\Users\Admin\.cache\selenium\chromedriver\win64\120.0.6099.109\chromedriver.exe"/>
    <property name="sun.cpu.isalist" value="amd64"/>
    <property name="sun.jnu.encoding" value="Cp1251"/>
    <property name="org.uncommons.reportng.escape-output" value="false"/>
    <property name="java.class.path" value="D:\QA\MyProjestsNew\com.google.selenium4\target\test-classes;D:\QA\MyProjestsNew\com.google.selenium4\target\classes;C:\Users\Admin\.m2\repository\org\seleniumhq\selenium\selenium-java\4.13.0\selenium-java-4.13.0.jar;C:\Users\Admin\.m2\repository\org\seleniumhq\selenium\selenium-api\4.13.0\selenium-api-4.13.0.jar;C:\Users\Admin\.m2\repository\org\seleniumhq\selenium\selenium-chrome-driver\4.13.0\selenium-chrome-driver-4.13.0.jar;C:\Users\Admin\.m2\repository\com\google\auto\service\auto-service-annotations\1.1.1\auto-service-annotations-1.1.1.jar;C:\Users\Admin\.m2\repository\org\seleniumhq\selenium\selenium-chromium-driver\4.13.0\selenium-chromium-driver-4.13.0.jar;C:\Users\Admin\.m2\repository\org\seleniumhq\selenium\selenium-json\4.13.0\selenium-json-4.13.0.jar;C:\Users\Admin\.m2\repository\org\seleniumhq\selenium\selenium-manager\4.13.0\selenium-manager-4.13.0.jar;C:\Users\Admin\.m2\repository\org\seleniumhq\selenium\selenium-devtools-v115\4.13.0\selenium-devtools-v115-4.13.0.jar;C:\Users\Admin\.m2\repository\org\seleniumhq\selenium\selenium-devtools-v116\4.13.0\selenium-devtools-v116-4.13.0.jar;C:\Users\Admin\.m2\repository\org\seleniumhq\selenium\selenium-devtools-v117\4.13.0\selenium-devtools-v117-4.13.0.jar;C:\Users\Admin\.m2\repository\org\seleniumhq\selenium\selenium-devtools-v85\4.13.0\selenium-devtools-v85-4.13.0.jar;C:\Users\Admin\.m2\repository\org\seleniumhq\selenium\selenium-edge-driver\4.13.0\selenium-edge-driver-4.13.0.jar;C:\Users\Admin\.m2\repository\org\seleniumhq\selenium\selenium-firefox-driver\4.13.0\selenium-firefox-driver-4.13.0.jar;C:\Users\Admin\.m2\repository\org\seleniumhq\selenium\selenium-http\4.13.0\selenium-http-4.13.0.jar;C:\Users\Admin\.m2\repository\dev\failsafe\failsafe\3.3.2\failsafe-3.3.2.jar;C:\Users\Admin\.m2\repository\org\seleniumhq\selenium\selenium-ie-driver\4.13.0\selenium-ie-driver-4.13.0.jar;C:\Users\Admin\.m2\repository\org\seleniumhq\selenium\selenium-remote-driver\4.13.0\selenium-remote-driver-4.13.0.jar;C:\Users\Admin\.m2\repository\io\netty\netty-buffer\4.1.96.Final\netty-buffer-4.1.96.Final.jar;C:\Users\Admin\.m2\repository\io\netty\netty-codec-http\4.1.96.Final\netty-codec-http-4.1.96.Final.jar;C:\Users\Admin\.m2\repository\io\netty\netty-codec\4.1.96.Final\netty-codec-4.1.96.Final.jar;C:\Users\Admin\.m2\repository\io\netty\netty-handler\4.1.96.Final\netty-handler-4.1.96.Final.jar;C:\Users\Admin\.m2\repository\io\netty\netty-common\4.1.96.Final\netty-common-4.1.96.Final.jar;C:\Users\Admin\.m2\repository\io\netty\netty-transport-classes-epoll\4.1.96.Final\netty-transport-classes-epoll-4.1.96.Final.jar;C:\Users\Admin\.m2\repository\io\netty\netty-transport-classes-kqueue\4.1.96.Final\netty-transport-classes-kqueue-4.1.96.Final.jar;C:\Users\Admin\.m2\repository\io\netty\netty-transport-native-epoll\4.1.96.Final\netty-transport-native-epoll-4.1.96.Final.jar;C:\Users\Admin\.m2\repository\io\netty\netty-transport-native-kqueue\4.1.96.Final\netty-transport-native-kqueue-4.1.96.Final.jar;C:\Users\Admin\.m2\repository\io\netty\netty-transport-native-unix-common\4.1.96.Final\netty-transport-native-unix-common-4.1.96.Final.jar;C:\Users\Admin\.m2\repository\io\netty\netty-transport\4.1.96.Final\netty-transport-4.1.96.Final.jar;C:\Users\Admin\.m2\repository\io\netty\netty-resolver\4.1.96.Final\netty-resolver-4.1.96.Final.jar;C:\Users\Admin\.m2\repository\io\opentelemetry\opentelemetry-api\1.28.0\opentelemetry-api-1.28.0.jar;C:\Users\Admin\.m2\repository\io\opentelemetry\opentelemetry-context\1.28.0\opentelemetry-context-1.28.0.jar;C:\Users\Admin\.m2\repository\io\opentelemetry\opentelemetry-exporter-logging\1.28.0\opentelemetry-exporter-logging-1.28.0.jar;C:\Users\Admin\.m2\repository\io\opentelemetry\opentelemetry-sdk-metrics\1.28.0\opentelemetry-sdk-metrics-1.28.0.jar;C:\Users\Admin\.m2\repository\io\opentelemetry\opentelemetry-extension-incubator\1.28.0-alpha\opentelemetry-extension-incubator-1.28.0-alpha.jar;C:\Users\Admin\.m2\repository\io\opentelemetry\opentelemetry-sdk-logs\1.28.0\opentelemetry-sdk-logs-1.28.0.jar;C:\Users\Admin\.m2\repository\io\opentelemetry\opentelemetry-sdk-common\1.28.0\opentelemetry-sdk-common-1.28.0.jar;C:\Users\Admin\.m2\repository\io\opentelemetry\opentelemetry-sdk-extension-autoconfigure-spi\1.28.0\opentelemetry-sdk-extension-autoconfigure-spi-1.28.0.jar;C:\Users\Admin\.m2\repository\io\opentelemetry\opentelemetry-sdk-extension-autoconfigure\1.28.0\opentelemetry-sdk-extension-autoconfigure-1.28.0.jar;C:\Users\Admin\.m2\repository\io\opentelemetry\opentelemetry-api-events\1.28.0-alpha\opentelemetry-api-events-1.28.0-alpha.jar;C:\Users\Admin\.m2\repository\io\opentelemetry\opentelemetry-sdk-trace\1.28.0\opentelemetry-sdk-trace-1.28.0.jar;C:\Users\Admin\.m2\repository\io\opentelemetry\opentelemetry-sdk\1.28.0\opentelemetry-sdk-1.28.0.jar;C:\Users\Admin\.m2\repository\io\opentelemetry\opentelemetry-semconv\1.28.0-alpha\opentelemetry-semconv-1.28.0-alpha.jar;C:\Users\Admin\.m2\repository\net\bytebuddy\byte-buddy\1.14.5\byte-buddy-1.14.5.jar;C:\Users\Admin\.m2\repository\org\asynchttpclient\async-http-client\2.12.3\async-http-client-2.12.3.jar;C:\Users\Admin\.m2\repository\org\asynchttpclient\async-http-client-netty-utils\2.12.3\async-http-client-netty-utils-2.12.3.jar;C:\Users\Admin\.m2\repository\io\netty\netty-codec-socks\4.1.60.Final\netty-codec-socks-4.1.60.Final.jar;C:\Users\Admin\.m2\repository\io\netty\netty-handler-proxy\4.1.60.Final\netty-handler-proxy-4.1.60.Final.jar;C:\Users\Admin\.m2\repository\io\netty\netty-transport-native-epoll\4.1.60.Final\netty-transport-native-epoll-4.1.60.Final-linux-x86_64.jar;C:\Users\Admin\.m2\repository\io\netty\netty-transport-native-kqueue\4.1.60.Final\netty-transport-native-kqueue-4.1.60.Final-osx-x86_64.jar;C:\Users\Admin\.m2\repository\org\reactivestreams\reactive-streams\1.0.3\reactive-streams-1.0.3.jar;C:\Users\Admin\.m2\repository\com\typesafe\netty\netty-reactive-streams\2.0.4\netty-reactive-streams-2.0.4.jar;C:\Users\Admin\.m2\repository\com\sun\activation\jakarta.activation\1.2.2\jakarta.activation-1.2.2.jar;C:\Users\Admin\.m2\repository\org\seleniumhq\selenium\selenium-os\4.13.0\selenium-os-4.13.0.jar;C:\Users\Admin\.m2\repository\org\apache\commons\commons-exec\1.3\commons-exec-1.3.jar;C:\Users\Admin\.m2\repository\org\seleniumhq\selenium\selenium-safari-driver\4.13.0\selenium-safari-driver-4.13.0.jar;C:\Users\Admin\.m2\repository\org\seleniumhq\selenium\selenium-support\4.13.0\selenium-support-4.13.0.jar;C:\Users\Admin\.m2\repository\io\github\bonigarcia\webdrivermanager\5.6.3\webdrivermanager-5.6.3.jar;C:\Users\Admin\.m2\repository\org\slf4j\slf4j-api\2.0.10\slf4j-api-2.0.10.jar;C:\Users\Admin\.m2\repository\com\google\code\gson\gson\2.10.1\gson-2.10.1.jar;C:\Users\Admin\.m2\repository\com\github\docker-java\docker-java\3.3.4\docker-java-3.3.4.jar;C:\Users\Admin\.m2\repository\com\github\docker-java\docker-java-core\3.3.4\docker-java-core-3.3.4.jar;C:\Users\Admin\.m2\repository\com\github\docker-java\docker-java-api\3.3.4\docker-java-api-3.3.4.jar;C:\Users\Admin\.m2\repository\com\fasterxml\jackson\core\jackson-annotations\2.10.3\jackson-annotations-2.10.3.jar;C:\Users\Admin\.m2\repository\commons-io\commons-io\2.13.0\commons-io-2.13.0.jar;C:\Users\Admin\.m2\repository\com\fasterxml\jackson\core\jackson-databind\2.10.3\jackson-databind-2.10.3.jar;C:\Users\Admin\.m2\repository\com\fasterxml\jackson\core\jackson-core\2.10.3\jackson-core-2.10.3.jar;C:\Users\Admin\.m2\repository\org\bouncycastle\bcpkix-jdk18on\1.76\bcpkix-jdk18on-1.76.jar;C:\Users\Admin\.m2\repository\org\bouncycastle\bcprov-jdk18on\1.76\bcprov-jdk18on-1.76.jar;C:\Users\Admin\.m2\repository\org\bouncycastle\bcutil-jdk18on\1.76\bcutil-jdk18on-1.76.jar;C:\Users\Admin\.m2\repository\org\slf4j\jcl-over-slf4j\1.7.30\jcl-over-slf4j-1.7.30.jar;C:\Users\Admin\.m2\repository\com\github\docker-java\docker-java-transport-httpclient5\3.3.4\docker-java-transport-httpclient5-3.3.4.jar;C:\Users\Admin\.m2\repository\com\github\docker-java\docker-java-transport\3.3.4\docker-java-transport-3.3.4.jar;C:\Users\Admin\.m2\repository\net\java\dev\jna\jna\5.13.0\jna-5.13.0.jar;C:\Users\Admin\.m2\repository\org\brotli\dec\0.1.2\dec-0.1.2.jar;C:\Users\Admin\.m2\repository\org\apache\commons\commons-lang3\3.14.0\commons-lang3-3.14.0.jar;C:\Users\Admin\.m2\repository\org\apache\commons\commons-compress\1.25.0\commons-compress-1.25.0.jar;C:\Users\Admin\.m2\repository\org\apache\httpcomponents\client5\httpclient5\5.2.1\httpclient5-5.2.1.jar;C:\Users\Admin\.m2\repository\org\apache\httpcomponents\core5\httpcore5\5.2\httpcore5-5.2.jar;C:\Users\Admin\.m2\repository\org\apache\httpcomponents\core5\httpcore5-h2\5.2\httpcore5-h2-5.2.jar;C:\Users\Admin\.m2\repository\org\testng\testng\7.7.1\testng-7.7.1.jar;C:\Users\Admin\.m2\repository\com\beust\jcommander\1.82\jcommander-1.82.jar;C:\Users\Admin\.m2\repository\org\webjars\jquery\3.6.1\jquery-3.6.1.jar;C:\Users\Admin\.m2\repository\org\uncommons\reportng\1.1.4\reportng-1.1.4.jar;C:\Users\Admin\.m2\repository\velocity\velocity\1.4\velocity-1.4.jar;C:\Users\Admin\.m2\repository\velocity\velocity-dep\1.4\velocity-dep-1.4.jar;C:\Users\Admin\.m2\repository\org\apache\velocity\velocity\1.7\velocity-1.7.jar;C:\Users\Admin\.m2\repository\commons-collections\commons-collections\3.2.1\commons-collections-3.2.1.jar;C:\Users\Admin\.m2\repository\commons-lang\commons-lang\2.4\commons-lang-2.4.jar;C:\Users\Admin\.m2\repository\com\google\inject\guice\7.0.0\guice-7.0.0.jar;C:\Users\Admin\.m2\repository\jakarta\inject\jakarta.inject-api\2.0.1\jakarta.inject-api-2.0.1.jar;C:\Users\Admin\.m2\repository\aopalliance\aopalliance\1.0\aopalliance-1.0.jar;C:\Users\Admin\.m2\repository\com\google\guava\guava\31.0.1-jre\guava-31.0.1-jre.jar;C:\Users\Admin\.m2\repository\com\google\guava\failureaccess\1.0.1\failureaccess-1.0.1.jar;C:\Users\Admin\.m2\repository\com\google\guava\listenablefuture\9999.0-empty-to-avoid-conflict-with-guava\listenablefuture-9999.0-empty-to-avoid-conflict-with-guava.jar;C:\Users\Admin\.m2\repository\com\google\code\findbugs\jsr305\3.0.2\jsr305-3.0.2.jar;C:\Users\Admin\.m2\repository\org\checkerframework\checker-qual\3.12.0\checker-qual-3.12.0.jar;C:\Users\Admin\.m2\repository\com\google\errorprone\error_prone_annotations\2.7.1\error_prone_annotations-2.7.1.jar;C:\Users\Admin\.m2\repository\com\google\j2objc\j2objc-annotations\1.3\j2objc-annotations-1.3.jar;C:\Users\Admin\.m2\repository\org\apache\maven\maven-project\2.2.1\maven-project-2.2.1.jar;C:\Users\Admin\.m2\repository\org\apache\maven\maven-settings\2.2.1\maven-settings-2.2.1.jar;C:\Users\Admin\.m2\repository\org\apache\maven\maven-profile\2.2.1\maven-profile-2.2.1.jar;C:\Users\Admin\.m2\repository\org\apache\maven\maven-model\2.2.1\maven-model-2.2.1.jar;C:\Users\Admin\.m2\repository\org\apache\maven\maven-artifact-manager\2.2.1\maven-artifact-manager-2.2.1.jar;C:\Users\Admin\.m2\repository\org\apache\maven\maven-repository-metadata\2.2.1\maven-repository-metadata-2.2.1.jar;C:\Users\Admin\.m2\repository\org\apache\maven\wagon\wagon-provider-api\1.0-beta-6\wagon-provider-api-1.0-beta-6.jar;C:\Users\Admin\.m2\repository\backport-util-concurrent\backport-util-concurrent\3.1\backport-util-concurrent-3.1.jar;C:\Users\Admin\.m2\repository\org\apache\maven\maven-plugin-registry\2.2.1\maven-plugin-registry-2.2.1.jar;C:\Users\Admin\.m2\repository\org\codehaus\plexus\plexus-interpolation\1.11\plexus-interpolation-1.11.jar;C:\Users\Admin\.m2\repository\org\codehaus\plexus\plexus-utils\1.5.15\plexus-utils-1.5.15.jar;C:\Users\Admin\.m2\repository\org\apache\maven\maven-artifact\2.2.1\maven-artifact-2.2.1.jar;C:\Users\Admin\.m2\repository\org\codehaus\plexus\plexus-container-default\1.0-alpha-9-stable-1\plexus-container-default-1.0-alpha-9-stable-1.jar;C:\Users\Admin\.m2\repository\junit\junit\3.8.1\junit-3.8.1.jar;C:\Users\Admin\.m2\repository\classworlds\classworlds\1.1-alpha-2\classworlds-1.1-alpha-2.jar;"/>
    <property name="java.vm.vendor" value="Oracle Corporation"/>
    <property name="sun.arch.data.model" value="64"/>
    <property name="user.variant" value=""/>
    <property name="java.vendor.url" value="https://java.oracle.com/"/>
    <property name="user.timezone" value="Europe/Kiev"/>
    <property name="os.name" value="Windows 11"/>
    <property name="java.vm.specification.version" value="21"/>
    <property name="sun.java.launcher" value="SUN_STANDARD"/>
    <property name="user.country" value="US"/>
    <property name="sun.boot.library.path" value="C:\Program Files\Java\jdk-21\bin"/>
    <property name="sun.java.command" value="C:\Users\Admin\AppData\Local\Temp\surefire2935848922837509065\surefirebooter-20240113223202486_3.jar C:\Users\Admin\AppData\Local\Temp\surefire2935848922837509065 2024-01-13T22-32-02_319-jvmRun1 surefire-20240113223202486_1tmp surefire_0-20240113223202486_2tmp"/>
    <property name="jdk.debug" value="release"/>
    <property name="surefire.test.class.path" value="D:\QA\MyProjestsNew\com.google.selenium4\target\test-classes;D:\QA\MyProjestsNew\com.google.selenium4\target\classes;C:\Users\Admin\.m2\repository\org\seleniumhq\selenium\selenium-java\4.13.0\selenium-java-4.13.0.jar;C:\Users\Admin\.m2\repository\org\seleniumhq\selenium\selenium-api\4.13.0\selenium-api-4.13.0.jar;C:\Users\Admin\.m2\repository\org\seleniumhq\selenium\selenium-chrome-driver\4.13.0\selenium-chrome-driver-4.13.0.jar;C:\Users\Admin\.m2\repository\com\google\auto\service\auto-service-annotations\1.1.1\auto-service-annotations-1.1.1.jar;C:\Users\Admin\.m2\repository\org\seleniumhq\selenium\selenium-chromium-driver\4.13.0\selenium-chromium-driver-4.13.0.jar;C:\Users\Admin\.m2\repository\org\seleniumhq\selenium\selenium-json\4.13.0\selenium-json-4.13.0.jar;C:\Users\Admin\.m2\repository\org\seleniumhq\selenium\selenium-manager\4.13.0\selenium-manager-4.13.0.jar;C:\Users\Admin\.m2\repository\org\seleniumhq\selenium\selenium-devtools-v115\4.13.0\selenium-devtools-v115-4.13.0.jar;C:\Users\Admin\.m2\repository\org\seleniumhq\selenium\selenium-devtools-v116\4.13.0\selenium-devtools-v116-4.13.0.jar;C:\Users\Admin\.m2\repository\org\seleniumhq\selenium\selenium-devtools-v117\4.13.0\selenium-devtools-v117-4.13.0.jar;C:\Users\Admin\.m2\repository\org\seleniumhq\selenium\selenium-devtools-v85\4.13.0\selenium-devtools-v85-4.13.0.jar;C:\Users\Admin\.m2\repository\org\seleniumhq\selenium\selenium-edge-driver\4.13.0\selenium-edge-driver-4.13.0.jar;C:\Users\Admin\.m2\repository\org\seleniumhq\selenium\selenium-firefox-driver\4.13.0\selenium-firefox-driver-4.13.0.jar;C:\Users\Admin\.m2\repository\org\seleniumhq\selenium\selenium-http\4.13.0\selenium-http-4.13.0.jar;C:\Users\Admin\.m2\repository\dev\failsafe\failsafe\3.3.2\failsafe-3.3.2.jar;C:\Users\Admin\.m2\repository\org\seleniumhq\selenium\selenium-ie-driver\4.13.0\selenium-ie-driver-4.13.0.jar;C:\Users\Admin\.m2\repository\org\seleniumhq\selenium\selenium-remote-driver\4.13.0\selenium-remote-driver-4.13.0.jar;C:\Users\Admin\.m2\repository\io\netty\netty-buffer\4.1.96.Final\netty-buffer-4.1.96.Final.jar;C:\Users\Admin\.m2\repository\io\netty\netty-codec-http\4.1.96.Final\netty-codec-http-4.1.96.Final.jar;C:\Users\Admin\.m2\repository\io\netty\netty-codec\4.1.96.Final\netty-codec-4.1.96.Final.jar;C:\Users\Admin\.m2\repository\io\netty\netty-handler\4.1.96.Final\netty-handler-4.1.96.Final.jar;C:\Users\Admin\.m2\repository\io\netty\netty-common\4.1.96.Final\netty-common-4.1.96.Final.jar;C:\Users\Admin\.m2\repository\io\netty\netty-transport-classes-epoll\4.1.96.Final\netty-transport-classes-epoll-4.1.96.Final.jar;C:\Users\Admin\.m2\repository\io\netty\netty-transport-classes-kqueue\4.1.96.Final\netty-transport-classes-kqueue-4.1.96.Final.jar;C:\Users\Admin\.m2\repository\io\netty\netty-transport-native-epoll\4.1.96.Final\netty-transport-native-epoll-4.1.96.Final.jar;C:\Users\Admin\.m2\repository\io\netty\netty-transport-native-kqueue\4.1.96.Final\netty-transport-native-kqueue-4.1.96.Final.jar;C:\Users\Admin\.m2\repository\io\netty\netty-transport-native-unix-common\4.1.96.Final\netty-transport-native-unix-common-4.1.96.Final.jar;C:\Users\Admin\.m2\repository\io\netty\netty-transport\4.1.96.Final\netty-transport-4.1.96.Final.jar;C:\Users\Admin\.m2\repository\io\netty\netty-resolver\4.1.96.Final\netty-resolver-4.1.96.Final.jar;C:\Users\Admin\.m2\repository\io\opentelemetry\opentelemetry-api\1.28.0\opentelemetry-api-1.28.0.jar;C:\Users\Admin\.m2\repository\io\opentelemetry\opentelemetry-context\1.28.0\opentelemetry-context-1.28.0.jar;C:\Users\Admin\.m2\repository\io\opentelemetry\opentelemetry-exporter-logging\1.28.0\opentelemetry-exporter-logging-1.28.0.jar;C:\Users\Admin\.m2\repository\io\opentelemetry\opentelemetry-sdk-metrics\1.28.0\opentelemetry-sdk-metrics-1.28.0.jar;C:\Users\Admin\.m2\repository\io\opentelemetry\opentelemetry-extension-incubator\1.28.0-alpha\opentelemetry-extension-incubator-1.28.0-alpha.jar;C:\Users\Admin\.m2\repository\io\opentelemetry\opentelemetry-sdk-logs\1.28.0\opentelemetry-sdk-logs-1.28.0.jar;C:\Users\Admin\.m2\repository\io\opentelemetry\opentelemetry-sdk-common\1.28.0\opentelemetry-sdk-common-1.28.0.jar;C:\Users\Admin\.m2\repository\io\opentelemetry\opentelemetry-sdk-extension-autoconfigure-spi\1.28.0\opentelemetry-sdk-extension-autoconfigure-spi-1.28.0.jar;C:\Users\Admin\.m2\repository\io\opentelemetry\opentelemetry-sdk-extension-autoconfigure\1.28.0\opentelemetry-sdk-extension-autoconfigure-1.28.0.jar;C:\Users\Admin\.m2\repository\io\opentelemetry\opentelemetry-api-events\1.28.0-alpha\opentelemetry-api-events-1.28.0-alpha.jar;C:\Users\Admin\.m2\repository\io\opentelemetry\opentelemetry-sdk-trace\1.28.0\opentelemetry-sdk-trace-1.28.0.jar;C:\Users\Admin\.m2\repository\io\opentelemetry\opentelemetry-sdk\1.28.0\opentelemetry-sdk-1.28.0.jar;C:\Users\Admin\.m2\repository\io\opentelemetry\opentelemetry-semconv\1.28.0-alpha\opentelemetry-semconv-1.28.0-alpha.jar;C:\Users\Admin\.m2\repository\net\bytebuddy\byte-buddy\1.14.5\byte-buddy-1.14.5.jar;C:\Users\Admin\.m2\repository\org\asynchttpclient\async-http-client\2.12.3\async-http-client-2.12.3.jar;C:\Users\Admin\.m2\repository\org\asynchttpclient\async-http-client-netty-utils\2.12.3\async-http-client-netty-utils-2.12.3.jar;C:\Users\Admin\.m2\repository\io\netty\netty-codec-socks\4.1.60.Final\netty-codec-socks-4.1.60.Final.jar;C:\Users\Admin\.m2\repository\io\netty\netty-handler-proxy\4.1.60.Final\netty-handler-proxy-4.1.60.Final.jar;C:\Users\Admin\.m2\repository\io\netty\netty-transport-native-epoll\4.1.60.Final\netty-transport-native-epoll-4.1.60.Final-linux-x86_64.jar;C:\Users\Admin\.m2\repository\io\netty\netty-transport-native-kqueue\4.1.60.Final\netty-transport-native-kqueue-4.1.60.Final-osx-x86_64.jar;C:\Users\Admin\.m2\repository\org\reactivestreams\reactive-streams\1.0.3\reactive-streams-1.0.3.jar;C:\Users\Admin\.m2\repository\com\typesafe\netty\netty-reactive-streams\2.0.4\netty-reactive-streams-2.0.4.jar;C:\Users\Admin\.m2\repository\com\sun\activation\jakarta.activation\1.2.2\jakarta.activation-1.2.2.jar;C:\Users\Admin\.m2\repository\org\seleniumhq\selenium\selenium-os\4.13.0\selenium-os-4.13.0.jar;C:\Users\Admin\.m2\repository\org\apache\commons\commons-exec\1.3\commons-exec-1.3.jar;C:\Users\Admin\.m2\repository\org\seleniumhq\selenium\selenium-safari-driver\4.13.0\selenium-safari-driver-4.13.0.jar;C:\Users\Admin\.m2\repository\org\seleniumhq\selenium\selenium-support\4.13.0\selenium-support-4.13.0.jar;C:\Users\Admin\.m2\repository\io\github\bonigarcia\webdrivermanager\5.6.3\webdrivermanager-5.6.3.jar;C:\Users\Admin\.m2\repository\org\slf4j\slf4j-api\2.0.10\slf4j-api-2.0.10.jar;C:\Users\Admin\.m2\repository\com\google\code\gson\gson\2.10.1\gson-2.10.1.jar;C:\Users\Admin\.m2\repository\com\github\docker-java\docker-java\3.3.4\docker-java-3.3.4.jar;C:\Users\Admin\.m2\repository\com\github\docker-java\docker-java-core\3.3.4\docker-java-core-3.3.4.jar;C:\Users\Admin\.m2\repository\com\github\docker-java\docker-java-api\3.3.4\docker-java-api-3.3.4.jar;C:\Users\Admin\.m2\repository\com\fasterxml\jackson\core\jackson-annotations\2.10.3\jackson-annotations-2.10.3.jar;C:\Users\Admin\.m2\repository\commons-io\commons-io\2.13.0\commons-io-2.13.0.jar;C:\Users\Admin\.m2\repository\com\fasterxml\jackson\core\jackson-databind\2.10.3\jackson-databind-2.10.3.jar;C:\Users\Admin\.m2\repository\com\fasterxml\jackson\core\jackson-core\2.10.3\jackson-core-2.10.3.jar;C:\Users\Admin\.m2\repository\org\bouncycastle\bcpkix-jdk18on\1.76\bcpkix-jdk18on-1.76.jar;C:\Users\Admin\.m2\repository\org\bouncycastle\bcprov-jdk18on\1.76\bcprov-jdk18on-1.76.jar;C:\Users\Admin\.m2\repository\org\bouncycastle\bcutil-jdk18on\1.76\bcutil-jdk18on-1.76.jar;C:\Users\Admin\.m2\repository\org\slf4j\jcl-over-slf4j\1.7.30\jcl-over-slf4j-1.7.30.jar;C:\Users\Admin\.m2\repository\com\github\docker-java\docker-java-transport-httpclient5\3.3.4\docker-java-transport-httpclient5-3.3.4.jar;C:\Users\Admin\.m2\repository\com\github\docker-java\docker-java-transport\3.3.4\docker-java-transport-3.3.4.jar;C:\Users\Admin\.m2\repository\net\java\dev\jna\jna\5.13.0\jna-5.13.0.jar;C:\Users\Admin\.m2\repository\org\brotli\dec\0.1.2\dec-0.1.2.jar;C:\Users\Admin\.m2\repository\org\apache\commons\commons-lang3\3.14.0\commons-lang3-3.14.0.jar;C:\Users\Admin\.m2\repository\org\apache\commons\commons-compress\1.25.0\commons-compress-1.25.0.jar;C:\Users\Admin\.m2\repository\org\apache\httpcomponents\client5\httpclient5\5.2.1\httpclient5-5.2.1.jar;C:\Users\Admin\.m2\repository\org\apache\httpcomponents\core5\httpcore5\5.2\httpcore5-5.2.jar;C:\Users\Admin\.m2\repository\org\apache\httpcomponents\core5\httpcore5-h2\5.2\httpcore5-h2-5.2.jar;C:\Users\Admin\.m2\repository\org\testng\testng\7.7.1\testng-7.7.1.jar;C:\Users\Admin\.m2\repository\com\beust\jcommander\1.82\jcommander-1.82.jar;C:\Users\Admin\.m2\repository\org\webjars\jquery\3.6.1\jquery-3.6.1.jar;C:\Users\Admin\.m2\repository\org\uncommons\reportng\1.1.4\reportng-1.1.4.jar;C:\Users\Admin\.m2\repository\velocity\velocity\1.4\velocity-1.4.jar;C:\Users\Admin\.m2\repository\velocity\velocity-dep\1.4\velocity-dep-1.4.jar;C:\Users\Admin\.m2\repository\org\apache\velocity\velocity\1.7\velocity-1.7.jar;C:\Users\Admin\.m2\repository\commons-collections\commons-collections\3.2.1\commons-collections-3.2.1.jar;C:\Users\Admin\.m2\repository\commons-lang\commons-lang\2.4\commons-lang-2.4.jar;C:\Users\Admin\.m2\repository\com\google\inject\guice\7.0.0\guice-7.0.0.jar;C:\Users\Admin\.m2\repository\jakarta\inject\jakarta.inject-api\2.0.1\jakarta.inject-api-2.0.1.jar;C:\Users\Admin\.m2\repository\aopalliance\aopalliance\1.0\aopalliance-1.0.jar;C:\Users\Admin\.m2\repository\com\google\guava\guava\31.0.1-jre\guava-31.0.1-jre.jar;C:\Users\Admin\.m2\repository\com\google\guava\failureaccess\1.0.1\failureaccess-1.0.1.jar;C:\Users\Admin\.m2\repository\com\google\guava\listenablefuture\9999.0-empty-to-avoid-conflict-with-guava\listenablefuture-9999.0-empty-to-avoid-conflict-with-guava.jar;C:\Users\Admin\.m2\repository\com\google\code\findbugs\jsr305\3.0.2\jsr305-3.0.2.jar;C:\Users\Admin\.m2\repository\org\checkerframework\checker-qual\3.12.0\checker-qual-3.12.0.jar;C:\Users\Admin\.m2\repository\com\google\errorprone\error_prone_annotations\2.7.1\error_prone_annotations-2.7.1.jar;C:\Users\Admin\.m2\repository\com\google\j2objc\j2objc-annotations\1.3\j2objc-annotations-1.3.jar;C:\Users\Admin\.m2\repository\org\apache\maven\maven-project\2.2.1\maven-project-2.2.1.jar;C:\Users\Admin\.m2\repository\org\apache\maven\maven-settings\2.2.1\maven-settings-2.2.1.jar;C:\Users\Admin\.m2\repository\org\apache\maven\maven-profile\2.2.1\maven-profile-2.2.1.jar;C:\Users\Admin\.m2\repository\org\apache\maven\maven-model\2.2.1\maven-model-2.2.1.jar;C:\Users\Admin\.m2\repository\org\apache\maven\maven-artifact-manager\2.2.1\maven-artifact-manager-2.2.1.jar;C:\Users\Admin\.m2\repository\org\apache\maven\maven-repository-metadata\2.2.1\maven-repository-metadata-2.2.1.jar;C:\Users\Admin\.m2\repository\org\apache\maven\wagon\wagon-provider-api\1.0-beta-6\wagon-provider-api-1.0-beta-6.jar;C:\Users\Admin\.m2\repository\backport-util-concurrent\backport-util-concurrent\3.1\backport-util-concurrent-3.1.jar;C:\Users\Admin\.m2\repository\org\apache\maven\maven-plugin-registry\2.2.1\maven-plugin-registry-2.2.1.jar;C:\Users\Admin\.m2\repository\org\codehaus\plexus\plexus-interpolation\1.11\plexus-interpolation-1.11.jar;C:\Users\Admin\.m2\repository\org\codehaus\plexus\plexus-utils\1.5.15\plexus-utils-1.5.15.jar;C:\Users\Admin\.m2\repository\org\apache\maven\maven-artifact\2.2.1\maven-artifact-2.2.1.jar;C:\Users\Admin\.m2\repository\org\codehaus\plexus\plexus-container-default\1.0-alpha-9-stable-1\plexus-container-default-1.0-alpha-9-stable-1.jar;C:\Users\Admin\.m2\repository\junit\junit\3.8.1\junit-3.8.1.jar;C:\Users\Admin\.m2\repository\classworlds\classworlds\1.1-alpha-2\classworlds-1.1-alpha-2.jar;"/>
    <property name="sun.cpu.endian" value="little"/>
    <property name="user.home" value="C:\Users\Admin"/>
    <property name="user.language" value="en"/>
    <property name="java.specification.vendor" value="Oracle Corporation"/>
    <property name="java.version.date" value="2023-10-17"/>
    <property name="java.home" value="C:\Program Files\Java\jdk-21"/>
    <property name="file.separator" value="\"/>
    <property name="basedir" value="D:\QA\MyProjestsNew\com.google.selenium4"/>
    <property name="java.vm.compressedOopsMode" value="Zero based"/>
    <property name="line.separator" value="&#10;"/>
    <property name="java.vm.specification.vendor" value="Oracle Corporation"/>
    <property name="java.specification.name" value="Java Platform API Specification"/>
    <property name="surefire.real.class.path" value="C:\Users\Admin\AppData\Local\Temp\surefire2935848922837509065\surefirebooter-20240113223202486_3.jar"/>
    <property name="user.script" value=""/>
    <property name="sun.management.compiler" value="HotSpot 64-Bit Tiered Compilers"/>
    <property name="java.runtime.version" value="21.0.1+12-LTS-29"/>
    <property name="webdriver.edge.driver" value="C:\Users\Admin\.cache\selenium\msedgedriver\win64\120.0.2210.133\msedgedriver.exe"/>
    <property name="user.name" value="Admin"/>
    <property name="stdout.encoding" value="Cp1251"/>
    <property name="path.separator" value=";"/>
    <property name="os.version" value="10.0"/>
    <property name="java.runtime.name" value="Java(TM) SE Runtime Environment"/>
    <property name="file.encoding" value="UTF-8"/>
    <property name="java.vm.name" value="Java HotSpot(TM) 64-Bit Server VM"/>
    <property name="localRepository" value="C:\Users\Admin\.m2\repository"/>
    <property name="java.vendor.url.bug" value="https://bugreport.java.com/bugreport/"/>
    <property name="java.io.tmpdir" value="C:\Users\Admin\AppData\Local\Temp\"/>
    <property name="idea.version" value="2023.3.2"/>
    <property name="java.version" value="21.0.1"/>
    <property name="user.dir" value="D:\QA\MyProjestsNew\com.google.selenium4"/>
    <property name="os.arch" value="amd64"/>
    <property name="webdriver.gecko.driver" value="C:\Users\Admin\.cache\selenium\geckodriver\win64\0.34.0\geckodriver.exe"/>
    <property name="java.vm.specification.name" value="Java Virtual Machine Specification"/>
    <property name="sun.os.patch.level" value=""/>
    <property name="native.encoding" value="Cp1251"/>
    <property name="java.library.path" value="C:\Program Files\Java\jdk-21\bin;C:\Windows\Sun\Java\bin;C:\Windows\system32;C:\Windows;C:\Program Files (x86)\VMware\VMware Workstation\bin\;C:\Program Files\Common Files\Oracle\Java\javapath;C:\Program Files (x86)\Common Files\Oracle\Java\javapath;C:\Windows\system32;C:\Windows;C:\Windows\System32\Wbem;C:\Windows\System32\WindowsPowerShell\v1.0\;C:\Windows\System32\OpenSSH\;C:\Program Files\dotnet\;C:\Program Files\Git\cmd;C:\Program Files\Java\jdk-21\bin;;C:\Program Files\Docker\Docker\resources\bin;C:\Users\Admin\scoop\shims;C:\Users\Admin\AppData\Local\Microsoft\WindowsApps;C:\Users\Admin\AppData\Local\JetBrains\Toolbox\scripts;;."/>
    <property name="java.vm.info" value="mixed mode, sharing"/>
    <property name="stderr.encoding" value="Cp1251"/>
    <property name="java.vendor" value="Oracle Corporation"/>
    <property name="java.vm.version" value="21.0.1+12-LTS-29"/>
    <property name="sun.io.unicode.encoding" value="UnicodeLittle"/>
    <property name="java.class.version" value="65.0"/>
  </properties>
  <testcase name="searchResultsClickingSearchButtonOnDropDownMenu" classname="com.google.tests.N_0002_SearchResultsClickingSearchButtonOnDropDownMenuTest" time="2.002">
    <system-out><![CDATA[Navigated to:'https://www.google.com/'
Found Element By : By.name: q
Found Element By : By.name: q
Navigated to:'https://www.google.com/'
Found Element By : By.name: q
Found Element By : By.name: q
Changed element: [[ChromeDriver: chrome on windows (fb0dd33467942759773b19c49458269b)] -> name: q]
Found Element By : By.id: Alh6id
Changed element: [[EdgeDriver: MicrosoftEdge on windows (9a88a9b2de9b3c59cb2147e4d0e162e8)] -> name: q]
Found Element By : By.id: Alh6id
Found Element By : By.id: Alh6id
Found Element By : By.cssSelector: center:nth-child(2) > input:nth-child(1)
Found Element By : By.cssSelector: center:nth-child(2) > input:nth-child(1)
Found Element By : By.id: Alh6id
Found Element By : By.cssSelector: center:nth-child(2) > input:nth-child(1)
Found Element By : By.cssSelector: center:nth-child(2) > input:nth-child(1)
Clicked on: [[EdgeDriver: MicrosoftEdge on windows (9a88a9b2de9b3c59cb2147e4d0e162e8)] -> css selector: center:nth-child(2) > input:nth-child(1)]
Navigated to:'https://www.google.com/'
Found Element By : By.name: q
Found Element By : By.name: q
Changed element: [[FirefoxDriver: firefox on windows (938448b2-b91c-4dcf-8264-64ece2ddceaf)] -> name: q]
Found Element By : By.id: Alh6id
Found Element By : By.id: Alh6id
Found Element By : By.cssSelector: center:nth-child(2) > input:nth-child(1)
Found Element By : By.cssSelector: center:nth-child(2) > input:nth-child(1)
Clicked on: [[ChromeDriver: chrome on windows (fb0dd33467942759773b19c49458269b)] -> css selector: center:nth-child(2) > input:nth-child(1)]
Found Element By : By.cssSelector: div.MjjYud
Found Element By : By.name: q
Found Element By : By.name: q
]]></system-out>
    <system-err><![CDATA[SLF4J(W): No SLF4J providers were found.
SLF4J(W): Defaulting to no-operation (NOP) logger implementation
SLF4J(W): See https://www.slf4j.org/codes.html#noProviders for further details.
Jan 13, 2024 10:32:07 PM org.openqa.selenium.devtools.CdpVersionFinder findNearestMatch
WARNING: Unable to find an exact match for CDP version 120, so returning the closest version found: 117
Jan 13, 2024 10:32:07 PM org.openqa.selenium.devtools.CdpVersionFinder findNearestMatch
WARNING: Unable to find an exact match for CDP version 120, so returning the closest version found: 117
]]></system-err>
  </testcase>
  <testcase name="searchResultsClickingSearchButtonOnDropDownMenu" classname="com.google.tests.N_0002_SearchResultsClickingSearchButtonOnDropDownMenuTest" time="2.587">
    <system-out><![CDATA[Found Element By : By.cssSelector: div.MjjYud
Found Element By : By.name: q
Found Element By : By.name: q
]]></system-out>
  </testcase>
  <testcase name="searchResultsClickingSearchButtonOnDropDownMenu" classname="com.google.tests.N_0002_SearchResultsClickingSearchButtonOnDropDownMenuTest" time="4.409">
    <system-out><![CDATA[Clicked on: [[FirefoxDriver: firefox on windows (938448b2-b91c-4dcf-8264-64ece2ddceaf)] -> css selector: center:nth-child(2) > input:nth-child(1)]
Found Element By : By.cssSelector: div.MjjYud
Found Element By : By.name: q
Found Element By : By.name: q
]]></system-out>
    <system-err><![CDATA[Jan 13, 2024 10:32:16 PM org.openqa.selenium.devtools.CdpVersionFinder findNearestMatch
WARNING: Unable to find an exact match for CDP version 120, so returning the closest version found: 117
]]></system-err>
  </testcase>
  <testcase name="searchResultsClickingEnterButton" classname="com.google.tests.N_0003_SearchResultsClickingEnterButtonTest" time="4.861">
    <system-out><![CDATA[Navigated to:'https://www.google.com/'
Found Element By : By.name: q
Found Element By : By.name: q
Changed element: [[ChromeDriver: chrome on windows (af6d8b3c75b8ed41cccea639ea179996)] -> name: q]
Found Element By : By.id: Alh6id
Navigated to:'https://www.google.com/'
Found Element By : By.name: q
Found Element By : By.name: q
Found Element By : By.id: Alh6id
Found Element By : By.name: q
Changed element: [[EdgeDriver: MicrosoftEdge on windows (8a09511827a368c52988c1e1cc2d31f9)] -> name: q]
Found Element By : By.id: Alh6id
Found Element By : By.name: q
Changed element: [[ChromeDriver: chrome on windows (af6d8b3c75b8ed41cccea639ea179996)] -> name: q]
Found Element By : By.id: Alh6id
Found Element By : By.name: q
Found Element By : By.name: q
Changed element: [[EdgeDriver: MicrosoftEdge on windows (8a09511827a368c52988c1e1cc2d31f9)] -> name: q]
Found Element By : By.cssSelector: div.MjjYud
Found Element By : By.name: q
Found Element By : By.name: q
]]></system-out>
    <system-err><![CDATA[Jan 13, 2024 10:32:16 PM org.openqa.selenium.devtools.CdpVersionFinder findNearestMatch
WARNING: Unable to find an exact match for CDP version 120, so returning the closest version found: 117
]]></system-err>
  </testcase>
  <testcase name="searchResultsClickingEnterButton" classname="com.google.tests.N_0003_SearchResultsClickingEnterButtonTest" time="0.839">
    <system-out><![CDATA[Found Element By : By.cssSelector: div.MjjYud
Found Element By : By.name: q
Found Element By : By.name: q
]]></system-out>
  </testcase>
  <testcase name="searchResultsClickingEnterButton" classname="com.google.tests.N_0003_SearchResultsClickingEnterButtonTest" time="0.325">
    <system-out><![CDATA[Found Element By : By.cssSelector: div.MjjYud
Found Element By : By.name: q
Found Element By : By.name: q
]]></system-out>
  </testcase>
  <testcase name="clickSearchButtonWhenSearchFieldIsEmpty" classname="com.google.tests.N_0004_ClickSearchButtonWhenSearchFieldIsEmptyTest" time="0.99">
    <system-out><![CDATA[Navigated to:'https://www.google.com/'
Found Element By : By.name: q
Found Element By : By.name: q
Changed element: [[FirefoxDriver: firefox on windows (336ca758-3cb5-4622-91ee-71d03a50229e)] -> name: q]
Found Element By : By.id: Alh6id
Found Element By : By.id: Alh6id
Found Element By : By.name: q
Found Element By : By.name: q
Changed element: [[FirefoxDriver: firefox on windows (336ca758-3cb5-4622-91ee-71d03a50229e)] -> name: q]
Navigated to:'https://www.google.com/'
Found Element By : By.cssSelector: center:nth-child(1) > input:nth-child(1)
Found Element By : By.cssSelector: center:nth-child(1) > input:nth-child(1)
Clicked on: [[ChromeDriver: chrome on windows (8464c0c618f450bf58d2521f1c696c75)] -> css selector: center:nth-child(1) > input:nth-child(1)]
Found Element By : By.linkText: Gmail
]]></system-out>
    <system-err><![CDATA[Jan 13, 2024 10:32:23 PM org.openqa.selenium.devtools.CdpVersionFinder findNearestMatch
WARNING: Unable to find an exact match for CDP version 120, so returning the closest version found: 117
Jan 13, 2024 10:32:24 PM org.openqa.selenium.devtools.CdpVersionFinder findNearestMatch
WARNING: Unable to find an exact match for CDP version 120, so returning the closest version found: 117
]]></system-err>
  </testcase>
  <testcase name="clickSearchButtonWhenSearchFieldIsEmpty" classname="com.google.tests.N_0004_ClickSearchButtonWhenSearchFieldIsEmptyTest" time="0.908">
    <system-out><![CDATA[Navigated to:'https://www.google.com/'
Found Element By : By.cssSelector: center:nth-child(1) > input:nth-child(1)
Found Element By : By.cssSelector: center:nth-child(1) > input:nth-child(1)
Clicked on: [[EdgeDriver: MicrosoftEdge on windows (ee5c40e0f5aef52c46102b928f2ba142)] -> css selector: center:nth-child(1) > input:nth-child(1)]
Found Element By : By.linkText: Gmail
]]></system-out>
  </testcase>
  <testcase name="clickSearchButtonWhenSearchFieldIsEmpty" classname="com.google.tests.N_0004_ClickSearchButtonWhenSearchFieldIsEmptyTest" time="1.223">
    <system-out><![CDATA[Navigated to:'https://www.google.com/'
Found Element By : By.cssSelector: center:nth-child(1) > input:nth-child(1)
Found Element By : By.cssSelector: center:nth-child(1) > input:nth-child(1)
Clicked on: [[FirefoxDriver: firefox on windows (3029104e-d366-467c-a4b5-52a19de5f5d9)] -> css selector: center:nth-child(1) > input:nth-child(1)]
Found Element By : By.linkText: Gmail
]]></system-out>
  </testcase>
</testsuite>